  [1m[35m (394.2ms)[0m  [1m[35mCREATE DATABASE "tweeter_app_api_development" ENCODING = 'unicode'[0m
  ↳ bin/rails:9
  [1m[35m (296.8ms)[0m  [1m[35mCREATE DATABASE "tweeter_app_api_test" ENCODING = 'unicode'[0m
  ↳ bin/rails:9
  [1m[35m (28.7ms)[0m  [1m[35mCREATE TABLE "schema_migrations" ("version" character varying NOT NULL PRIMARY KEY)[0m
  ↳ bin/rails:9
  [1m[35m (5.4ms)[0m  [1m[35mCREATE TABLE "ar_internal_metadata" ("key" character varying NOT NULL PRIMARY KEY, "value" character varying, "created_at" timestamp NOT NULL, "updated_at" timestamp NOT NULL)[0m
  ↳ bin/rails:9
  [1m[35m (0.2ms)[0m  [1m[34mSELECT pg_try_advisory_lock(1344325399035759420)[0m
  ↳ bin/rails:9
  [1m[35m (0.4ms)[0m  [1m[34mSELECT "schema_migrations"."version" FROM "schema_migrations" ORDER BY "schema_migrations"."version" ASC[0m
  ↳ bin/rails:9
Migrating to CreateTweets (20200425193612)
  [1m[35m (0.1ms)[0m  [1m[35mBEGIN[0m
  ↳ bin/rails:9
  [1m[35m (15.0ms)[0m  [1m[35mCREATE TABLE "tweets" ("id" bigserial primary key, "title" character varying, "content" text, "author" character varying)[0m
  ↳ db/migrate/20200425193612_create_tweets.rb:3
  [1m[36mActiveRecord::SchemaMigration Create (0.5ms)[0m  [1m[32mINSERT INTO "schema_migrations" ("version") VALUES ($1) RETURNING "version"[0m  [["version", "20200425193612"]]
  ↳ bin/rails:9
  [1m[35m (1.0ms)[0m  [1m[35mCOMMIT[0m
  ↳ bin/rails:9
  [1m[36mActiveRecord::InternalMetadata Load (0.5ms)[0m  [1m[34mSELECT  "ar_internal_metadata".* FROM "ar_internal_metadata" WHERE "ar_internal_metadata"."key" = $1 LIMIT $2[0m  [["key", "environment"], ["LIMIT", 1]]
  ↳ bin/rails:9
  [1m[35m (0.2ms)[0m  [1m[35mBEGIN[0m
  ↳ bin/rails:9
  [1m[36mActiveRecord::InternalMetadata Create (0.3ms)[0m  [1m[32mINSERT INTO "ar_internal_metadata" ("key", "value", "created_at", "updated_at") VALUES ($1, $2, $3, $4) RETURNING "key"[0m  [["key", "environment"], ["value", "development"], ["created_at", "2020-04-25 19:38:12.725128"], ["updated_at", "2020-04-25 19:38:12.725128"]]
  ↳ bin/rails:9
  [1m[35m (1.9ms)[0m  [1m[35mCOMMIT[0m
  ↳ bin/rails:9
  [1m[35m (0.3ms)[0m  [1m[34mSELECT pg_advisory_unlock(1344325399035759420)[0m
  ↳ bin/rails:9
  [1m[35m (0.4ms)[0m  [1m[34mSELECT "schema_migrations"."version" FROM "schema_migrations" ORDER BY "schema_migrations"."version" ASC[0m
  ↳ bin/rails:9
  [1m[35m (2.4ms)[0m  [1m[34mSELECT "schema_migrations"."version" FROM "schema_migrations" ORDER BY "schema_migrations"."version" ASC[0m
  ↳ bin/rails:9
  [1m[35m (0.4ms)[0m  [1m[34mSELECT "schema_migrations"."version" FROM "schema_migrations" ORDER BY "schema_migrations"."version" ASC[0m
  ↳ bin/rails:9
  [1m[35m (0.2ms)[0m  [1m[35mBEGIN[0m
  ↳ db/seeds.rb:9
  [1m[36mTweet Create (1.0ms)[0m  [1m[32mINSERT INTO "tweets" ("title", "content", "author") VALUES ($1, $2, $3) RETURNING "id"[0m  [["title", "Just found this"], ["content", "the square of the hypotenuse is equal to the sum of the squares of the other two sides"], ["author", "Pythagoras570"]]
  ↳ db/seeds.rb:9
  [1m[35m (1.3ms)[0m  [1m[35mCOMMIT[0m
  ↳ db/seeds.rb:9
  [1m[35m (0.1ms)[0m  [1m[35mBEGIN[0m
  ↳ db/seeds.rb:14
  [1m[36mTweet Create (0.4ms)[0m  [1m[32mINSERT INTO "tweets" ("title", "content", "author") VALUES ($1, $2, $3) RETURNING "id"[0m  [["title", "I'm walkin here"], ["content", "Hey, I'm walkin here!"], ["author", "Nicky62"]]
  ↳ db/seeds.rb:14
  [1m[35m (2.4ms)[0m  [1m[35mCOMMIT[0m
  ↳ db/seeds.rb:14
  [1m[36mTweet Load (0.6ms)[0m  [1m[34mSELECT "tweets".* FROM "tweets"[0m
Started GET "/tweets" for ::1 at 2020-04-25 15:53:53 -0400
  [1m[35m (3.7ms)[0m  [1m[34mSELECT "schema_migrations"."version" FROM "schema_migrations" ORDER BY "schema_migrations"."version" ASC[0m
  ↳ /home/jgman/.rbenv/versions/2.5.5/lib/ruby/gems/2.5.0/gems/activerecord-5.2.4.2/lib/active_record/log_subscriber.rb:98
  
SyntaxError (/home/jgman/Desktop/GA/seirf-phoenix-rising-hw/w20_d2/tweeter_app_api/app/controllers/tweets_controller.rb:4: syntax error, unexpected tINTEGER, expecting keyword_do or '{' or '('
...       render json: {status 200, tweets: tweets}
...                            ^~~
/home/jgman/Desktop/GA/seirf-phoenix-rising-hw/w20_d2/tweeter_app_api/app/controllers/tweets_controller.rb:11: syntax error, unexpected end-of-input, expecting keyword_end):
  
app/controllers/tweets_controller.rb:4: syntax error, unexpected tINTEGER, expecting keyword_do or '{' or '('
app/controllers/tweets_controller.rb:11: syntax error, unexpected end-of-input, expecting keyword_end
Started GET "/tweets" for ::1 at 2020-04-25 15:56:15 -0400
  
SyntaxError (/home/jgman/Desktop/GA/seirf-phoenix-rising-hw/w20_d2/tweeter_app_api/app/controllers/tweets_controller.rb:4: syntax error, unexpected tINTEGER, expecting keyword_do or '{' or '('
...       render json: {status 200, tweets: tweets}
...                            ^~~
/home/jgman/Desktop/GA/seirf-phoenix-rising-hw/w20_d2/tweeter_app_api/app/controllers/tweets_controller.rb:11: syntax error, unexpected end-of-input, expecting keyword_end):
  
app/controllers/tweets_controller.rb:4: syntax error, unexpected tINTEGER, expecting keyword_do or '{' or '('
app/controllers/tweets_controller.rb:11: syntax error, unexpected end-of-input, expecting keyword_end
Started GET "/tweets/1" for ::1 at 2020-04-25 15:58:17 -0400
  
SyntaxError (/home/jgman/Desktop/GA/seirf-phoenix-rising-hw/w20_d2/tweeter_app_api/app/controllers/tweets_controller.rb:4: syntax error, unexpected tINTEGER, expecting keyword_do or '{' or '('
...       render json: {status 200, tweets: tweets}
...                            ^~~
/home/jgman/Desktop/GA/seirf-phoenix-rising-hw/w20_d2/tweeter_app_api/app/controllers/tweets_controller.rb:11: syntax error, unexpected end-of-input, expecting keyword_end):
  
app/controllers/tweets_controller.rb:4: syntax error, unexpected tINTEGER, expecting keyword_do or '{' or '('
app/controllers/tweets_controller.rb:11: syntax error, unexpected end-of-input, expecting keyword_end
  [1m[36mTweet Load (2.2ms)[0m  [1m[34mSELECT  "tweets".* FROM "tweets" LIMIT $1[0m  [["LIMIT", 11]]
  [1m[36mTweet Load (0.3ms)[0m  [1m[34mSELECT "tweets".* FROM "tweets"[0m
Started GET "/tweets/1" for ::1 at 2020-04-25 15:59:57 -0400
Processing by TweetsController#show as HTML
  Parameters: {"id"=>"1"}
  [1m[36mTweet Load (1.8ms)[0m  [1m[34mSELECT  "tweets".* FROM "tweets" WHERE "tweets"."id" = $1 LIMIT $2[0m  [["id", 1], ["LIMIT", 1]]
  ↳ app/controllers/tweets_controller.rb:8
Completed 200 OK in 43ms (Views: 0.3ms | ActiveRecord: 24.5ms)


Started GET "/tweets/" for ::1 at 2020-04-25 16:00:01 -0400
Processing by TweetsController#index as HTML
  [1m[36mTweet Load (0.4ms)[0m  [1m[34mSELECT "tweets".* FROM "tweets"[0m
  ↳ app/controllers/tweets_controller.rb:4
Completed 200 OK in 2ms (Views: 1.0ms | ActiveRecord: 0.4ms)


